0 info it worked if it ends with ok
1 verbose cli [ 'C:\\Program Files\\nodejs\\node.exe',
1 verbose cli   'C:\\Program Files\\nodejs\\node_modules\\npm\\bin\\npm-cli.js',
1 verbose cli   'run',
1 verbose cli   'test' ]
2 info using npm@3.10.3
3 info using node@v6.5.0
4 verbose run-script [ 'pretest', 'test', 'posttest' ]
5 info lifecycle braintrixjs@0.0.1~pretest: braintrixjs@0.0.1
6 silly lifecycle braintrixjs@0.0.1~pretest: no script for pretest, continuing
7 info lifecycle braintrixjs@0.0.1~test: braintrixjs@0.0.1
8 verbose lifecycle braintrixjs@0.0.1~test: unsafe-perm in lifecycle true
9 verbose lifecycle braintrixjs@0.0.1~test: PATH: C:\Program Files\nodejs\node_modules\npm\bin\node-gyp-bin;D:\BrainTrixJS\node_modules\.bin;C:\Program Files\nodejs;C:\Users\clem8\bin;C:\Program Files\Git\mingw64\bin;C:\Program Files\Git\usr\local\bin;C:\Program Files\Git\usr\bin;C:\Program Files\Git\usr\bin;C:\Program Files\Git\mingw64\bin;C:\Program Files\Git\usr\bin;C:\Users\clem8\bin;C:\Ruby23-x64\bin;C:\Program Files (x86)\Python35-32\Scripts;C:\Program Files (x86)\Python35-32;C:\ProgramData\Oracle\Java\javapath;C:\WINDOWS\system32;C:\WINDOWS;C:\WINDOWS\System32\Wbem;C:\WINDOWS\System32\WindowsPowerShell\v1.0;C:\Program Files (x86)\NVIDIA Corporation\PhysX\Common;C:\WINDOWS\system32;C:\WINDOWS;C:\WINDOWS\System32\Wbem;C:\WINDOWS\System32\WindowsPowerShell\v1.0;C:\Program Files (x86)\Skype\Phone;C:\Program Files\nodejs;C:\HashiCorp\Vagrant\bin;C:\Users\clem8\AppData\Local\atom\bin;D:\apache-maven-3.3.9\bin;C:\Program Files (x86)\Android\android-sdk\tools;C:\Program Files (x86)\Android\android-sdk\platform-tools;C:\Users\clem8\AppData\Roaming\npm;C:\Program Files\Git\usr\bin\vendor_perl;C:\Program Files\Git\usr\bin\core_perl
10 verbose lifecycle braintrixjs@0.0.1~test: CWD: D:\BrainTrixJS
11 silly lifecycle braintrixjs@0.0.1~test: Args: [ '/d /s /c', 'node test.js' ]
12 silly lifecycle braintrixjs@0.0.1~test: Returned: code: 1  signal: null
13 info lifecycle braintrixjs@0.0.1~test: Failed to exec test script
14 verbose stack Error: braintrixjs@0.0.1 test: `node test.js`
14 verbose stack Exit status 1
14 verbose stack     at EventEmitter.<anonymous> (C:\Program Files\nodejs\node_modules\npm\lib\utils\lifecycle.js:242:16)
14 verbose stack     at emitTwo (events.js:106:13)
14 verbose stack     at EventEmitter.emit (events.js:191:7)
14 verbose stack     at ChildProcess.<anonymous> (C:\Program Files\nodejs\node_modules\npm\lib\utils\spawn.js:40:14)
14 verbose stack     at emitTwo (events.js:106:13)
14 verbose stack     at ChildProcess.emit (events.js:191:7)
14 verbose stack     at maybeClose (internal/child_process.js:877:16)
14 verbose stack     at Process.ChildProcess._handle.onexit (internal/child_process.js:226:5)
15 verbose pkgid braintrixjs@0.0.1
16 verbose cwd D:\BrainTrixJS
17 error Windows_NT 10.0.10586
18 error argv "C:\\Program Files\\nodejs\\node.exe" "C:\\Program Files\\nodejs\\node_modules\\npm\\bin\\npm-cli.js" "run" "test"
19 error node v6.5.0
20 error npm  v3.10.3
21 error code ELIFECYCLE
22 error braintrixjs@0.0.1 test: `node test.js`
22 error Exit status 1
23 error Failed at the braintrixjs@0.0.1 test script 'node test.js'.
23 error Make sure you have the latest version of node.js and npm installed.
23 error If you do, this is most likely a problem with the braintrixjs package,
23 error not with npm itself.
23 error Tell the author that this fails on your system:
23 error     node test.js
23 error You can get information on how to open an issue for this project with:
23 error     npm bugs braintrixjs
23 error Or if that isn't available, you can get their info via:
23 error     npm owner ls braintrixjs
23 error There is likely additional logging output above.
24 verbose exit [ 1, true ]
